[14:49:16,447  WARN StringTools:404] - Could not create an integer from the string Paper
[14:51:46,364  WARN StringTools:404] - Could not create an integer from the string Paper
[14:52:14,363  WARN StringTools:404] - Could not create an integer from the string Paper
[14:52:26,415  WARN StringTools:404] - Could not create an integer from the string Paper
[14:53:42,820  WARN StringTools:404] - Could not create an integer from the string Paper
[14:54:57,245  WARN StringTools:404] - Could not create an integer from the string Paper
[14:55:29,569  WARN StringTools:404] - Could not create an integer from the string Paper
[15:04:15,625  WARN StringTools:404] - Could not create an integer from the string Paper
[15:08:27,789  WARN StringTools:404] - Could not create an integer from the string Paper
[15:12:31,837  WARN StringTools:404] - Could not create an integer from the string Paper
[15:13:04,621  WARN StringTools:404] - Could not create an integer from the string Paper
[15:13:17,715  WARN StringTools:404] - Could not create an integer from the string Paper
[15:13:33,391  WARN StringTools:404] - Could not create an integer from the string Paper
[15:19:30,022  WARN StringTools:404] - Could not create an integer from the string Paper
[15:21:31,334  WARN StringTools:404] - Could not create an integer from the string Paper
[15:25:23,719  WARN StringTools:404] - Could not create an integer from the string Paper
[16:45:45,202  WARN StringTools:404] - Could not create an integer from the string Paper
[16:49:40,139  WARN StringTools:404] - Could not create an integer from the string Paper
[16:53:07,677  WARN StringTools:404] - Could not create an integer from the string Paper
[16:55:49,879  WARN StringTools:404] - Could not create an integer from the string Paper
[16:56:39,464  WARN StringTools:404] - Could not create an integer from the string Paper
[16:57:02,831  WARN StringTools:404] - Could not create an integer from the string Paper
[16:58:09,338  WARN StringTools:404] - Could not create an integer from the string Paper
[17:00:42,799  WARN StringTools:404] - Could not create an integer from the string Paper
[17:00:55,359  WARN StringTools:404] - Could not create an integer from the string Paper
[17:01:01,174  WARN StringTools:404] - Could not create an integer from the string Paper
[17:01:07,163  WARN StringTools:404] - Could not create an integer from the string Paper
[17:01:11,998  WARN StringTools:404] - Could not create an integer from the string Paper
[17:01:36,311  WARN StringTools:404] - Could not create an integer from the string Paper
[17:04:53,189  WARN StringTools:404] - Could not create an integer from the string Paper
[17:05:35,995  WARN StringTools:404] - Could not create an integer from the string Paper
[17:05:54,696  WARN StringTools:404] - Could not create an integer from the string Paper
[17:11:20,268  WARN StringTools:404] - Could not create an integer from the string Paper
[17:14:43,029  WARN StringTools:404] - Could not create an integer from the string Paper
[17:15:15,649  WARN StringTools:404] - Could not create an integer from the string Paper
[17:17:30,044  WARN StringTools:404] - Could not create an integer from the string Paper
[17:18:36,110  WARN StringTools:404] - Could not create an integer from the string Paper
[17:19:56,093  WARN StringTools:404] - Could not create an integer from the string Paper
[17:20:40,258  WARN StringTools:404] - Could not create an integer from the string Paper
[17:20:57,933  WARN StringTools:404] - Could not create an integer from the string Paper
[17:21:23,380  WARN StringTools:404] - Could not create an integer from the string Paper
[17:26:40,659  WARN StringTools:404] - Could not create an integer from the string Paper
[17:28:18,335  WARN StringTools:404] - Could not create an integer from the string Paper
[17:28:30,087  WARN StringTools:404] - Could not create an integer from the string Paper
[17:31:14,010  WARN StringTools:404] - Could not create an integer from the string Paper
[17:31:46,881  WARN StringTools:404] - Could not create an integer from the string Paper
[17:32:19,646  WARN StringTools:404] - Could not create an integer from the string Paper
[17:32:54,694  WARN StringTools:404] - Could not create an integer from the string Paper
[17:34:08,852  WARN StringTools:404] - Could not create an integer from the string Paper
[17:34:19,371  WARN StringTools:404] - Could not create an integer from the string Paper
[17:34:32,682  WARN StringTools:404] - Could not create an integer from the string Paper
[17:35:27,711  WARN StringTools:404] - Could not create an integer from the string Paper
[17:35:36,247  WARN StringTools:404] - Could not create an integer from the string Paper
[17:40:48,603  WARN StringTools:404] - Could not create an integer from the string Paper
[10:59:20,661  WARN StringTools:404] - Could not create an integer from the string not-an-integer
[11:06:36,169  WARN StringTools:404] - Could not create an integer from the string not-an-integer
[11:10:31,542  WARN StringTools:404] - Could not create an integer from the string not-an-integer
[11:13:29,257  WARN StringTools:404] - Could not create an integer from the string not-an-integer
[11:28:38,869  WARN StringTools:404] - Could not create an integer from the string not-an-integer
[11:32:56,608  WARN StringTools:404] - Could not create an integer from the string not-an-integer
[11:35:57,965  WARN StringTools:404] - Could not create an integer from the string not-an-integer
[11:55:58,099  WARN StringTools:404] - Could not create an integer from the string not-an-integer
[11:58:23,861  WARN StringTools:404] - Could not create an integer from the string not-an-integer
[11:59:42,554  WARN StringTools:404] - Could not create an integer from the string not-an-integer
[12:30:55,894  WARN StringTools:404] - Could not create an integer from the string not-an-integer
[12:35:56,981  WARN StringTools:404] - Could not create an integer from the string not-an-integer
[13:01:51,911  WARN StringTools:404] - Could not create an integer from the string not-an-integer
[13:01:51,948  WARN StringTools:382] - Could not create a double from the string 'not a double'
[13:09:34,226  WARN StringTools:404] - Could not create an integer from the string not-an-integer
[13:09:34,258  WARN StringTools:382] - Could not create a double from the string 'not a double'
[13:10:18,482  WARN StringTools:404] - Could not create an integer from the string not-an-integer
[13:10:18,513  WARN StringTools:382] - Could not create a double from the string 'not a double'
[13:10:35,959  WARN StringTools:404] - Could not create an integer from the string not-an-integer
[13:10:36,006  WARN StringTools:382] - Could not create a double from the string 'not a double'
[13:19:41,300  WARN StringTools:404] - Could not create an integer from the string not-an-integer
[13:19:41,332  WARN StringTools:382] - Could not create a double from the string 'not a double'
[13:30:48,890  WARN StringTools:404] - Could not create an integer from the string not-an-integer
[13:30:48,921  WARN StringTools:382] - Could not create a double from the string 'not a double'
[13:33:02,795  WARN StringTools:404] - Could not create an integer from the string not-an-integer
[13:33:02,827  WARN StringTools:382] - Could not create a double from the string 'not a double'
[13:35:07,982  WARN StringTools:404] - Could not create an integer from the string not-an-integer
[13:35:07,998  WARN StringTools:382] - Could not create a double from the string 'not a double'
[13:35:32,921  WARN StringTools:404] - Could not create an integer from the string not-an-integer
[13:35:32,952  WARN StringTools:382] - Could not create a double from the string 'not a double'
[13:59:08,584  WARN StringTools:404] - Could not create an integer from the string not-an-integer
[13:59:08,600  WARN StringTools:382] - Could not create a double from the string 'not a double'
[13:59:08,615  WARN StringTools:382] - Could not create a double from the string 'not a double'
[13:59:08,615  WARN StringTools:382] - Could not create a double from the string 'not a double'
[13:59:08,615  WARN StringTools:382] - Could not create a double from the string 'not a double'
[13:59:08,615  WARN StringTools:382] - Could not create a double from the string 'not a double'
[13:59:08,615  WARN StringTools:382] - Could not create a double from the string 'not a double'
[14:03:20,487  WARN StringTools:404] - Could not create an integer from the string not-an-integer
[14:03:20,518  WARN StringTools:382] - Could not create a double from the string 'not a double'
[14:03:20,533  WARN StringTools:382] - Could not create a double from the string 'not a double'
[14:03:20,533  WARN StringTools:382] - Could not create a double from the string 'not a double'
[14:03:20,533  WARN StringTools:382] - Could not create a double from the string 'not a double'
[14:03:20,533  WARN StringTools:382] - Could not create a double from the string 'not a double'
[14:03:20,533  WARN StringTools:382] - Could not create a double from the string 'not a double'
[14:17:48,793  WARN StringTools:404] - Could not create an integer from the string not-an-integer
[14:17:48,825  WARN StringTools:382] - Could not create a double from the string 'not a double'
[14:17:48,825  WARN StringTools:382] - Could not create a double from the string 'not a double'
[14:17:48,825  WARN StringTools:382] - Could not create a double from the string 'not a double'
[14:17:48,825  WARN StringTools:382] - Could not create a double from the string 'not a double'
[14:17:48,825  WARN StringTools:382] - Could not create a double from the string 'not a double'
[14:17:48,825  WARN StringTools:382] - Could not create a double from the string 'not a double'
[14:18:21,532  WARN StringTools:404] - Could not create an integer from the string not-an-integer
[14:18:21,563  WARN StringTools:382] - Could not create a double from the string 'not a double'
[14:18:21,563  WARN StringTools:382] - Could not create a double from the string 'not a double'
[14:18:21,563  WARN StringTools:382] - Could not create a double from the string 'not a double'
[14:18:21,563  WARN StringTools:382] - Could not create a double from the string 'not a double'
[14:18:21,563  WARN StringTools:382] - Could not create a double from the string 'not a double'
[14:18:21,579  WARN StringTools:382] - Could not create a double from the string 'not a double'
[14:21:52,950  WARN StringTools:404] - Could not create an integer from the string not-an-integer
[14:21:52,981  WARN StringTools:382] - Could not create a double from the string 'not a double'
[14:21:52,981  WARN StringTools:382] - Could not create a double from the string 'not a double'
[14:21:52,981  WARN StringTools:382] - Could not create a double from the string 'not a double'
[14:21:52,981  WARN StringTools:382] - Could not create a double from the string 'not a double'
[14:21:52,981  WARN StringTools:382] - Could not create a double from the string 'not a double'
[14:21:52,981  WARN StringTools:382] - Could not create a double from the string 'not a double'
[14:21:56,132  WARN StringTools:404] - Could not create an integer from the string not-an-integer
[14:21:56,163  WARN StringTools:382] - Could not create a double from the string 'not a double'
[14:21:56,178  WARN StringTools:382] - Could not create a double from the string 'not a double'
[14:21:56,178  WARN StringTools:382] - Could not create a double from the string 'not a double'
[14:21:56,178  WARN StringTools:382] - Could not create a double from the string 'not a double'
[14:21:56,178  WARN StringTools:382] - Could not create a double from the string 'not a double'
[14:21:56,178  WARN StringTools:382] - Could not create a double from the string 'not a double'
[14:38:06,308  WARN StringTools:404] - Could not create an integer from the string not-an-integer
[14:38:06,339  WARN StringTools:382] - Could not create a double from the string 'not a double'
[14:38:06,339  WARN StringTools:382] - Could not create a double from the string 'not a double'
[14:38:06,339  WARN StringTools:382] - Could not create a double from the string 'not a double'
[14:38:06,339  WARN StringTools:382] - Could not create a double from the string 'not a double'
[14:38:06,339  WARN StringTools:382] - Could not create a double from the string 'not a double'
[14:38:06,339  WARN StringTools:382] - Could not create a double from the string 'not a double'
[14:38:06,401  WARN StringTools:404] - Could not create an integer from the string 0.5
[14:38:06,401  WARN StringTools:404] - Could not create an integer from the string not an integer
[14:38:06,401  WARN StringTools:404] - Could not create an integer from the string 5.0
[14:38:06,401  WARN StringTools:404] - Could not create an integer from the string not an integer
[14:38:06,401  WARN StringTools:404] - Could not create an integer from the string 0.5
[14:38:06,401  WARN StringTools:404] - Could not create an integer from the string not an integer
[14:46:54,658  WARN StringTools:404] - Could not create an integer from the string not-an-integer
[14:46:54,690  WARN StringTools:382] - Could not create a double from the string 'not a double'
[14:46:54,690  WARN StringTools:382] - Could not create a double from the string 'not a double'
[14:46:54,705  WARN StringTools:382] - Could not create a double from the string 'not a double'
[14:46:54,705  WARN StringTools:382] - Could not create a double from the string 'not a double'
[14:46:54,705  WARN StringTools:382] - Could not create a double from the string 'not a double'
[14:46:54,705  WARN StringTools:382] - Could not create a double from the string 'not a double'
[14:46:54,736  WARN StringTools:404] - Could not create an integer from the string 0.5
[14:46:54,736  WARN StringTools:404] - Could not create an integer from the string not an integer
[14:46:54,736  WARN StringTools:404] - Could not create an integer from the string 5.0
[14:46:54,736  WARN StringTools:404] - Could not create an integer from the string not an integer
[14:46:54,736  WARN StringTools:404] - Could not create an integer from the string 0.5
[14:46:54,736  WARN StringTools:404] - Could not create an integer from the string not an integer
[14:55:00,468  WARN StringTools:404] - Could not create an integer from the string not-an-integer
[14:55:00,499  WARN StringTools:382] - Could not create a double from the string 'not a double'
[14:55:00,499  WARN StringTools:382] - Could not create a double from the string 'not a double'
[14:55:00,499  WARN StringTools:382] - Could not create a double from the string 'not a double'
[14:55:00,499  WARN StringTools:382] - Could not create a double from the string 'not a double'
[14:55:00,499  WARN StringTools:382] - Could not create a double from the string 'not a double'
[14:55:00,499  WARN StringTools:382] - Could not create a double from the string 'not a double'
[14:55:00,515  WARN StringTools:404] - Could not create an integer from the string 0.5
[14:55:00,515  WARN StringTools:404] - Could not create an integer from the string not an integer
[14:55:00,515  WARN StringTools:404] - Could not create an integer from the string 5.0
[14:55:00,515  WARN StringTools:404] - Could not create an integer from the string not an integer
[14:55:00,515  WARN StringTools:404] - Could not create an integer from the string 0.5
[14:55:00,515  WARN StringTools:404] - Could not create an integer from the string not an integer
[15:10:53,651  WARN StringTools:404] - Could not create an integer from the string not-an-integer
[15:10:53,682  WARN StringTools:382] - Could not create a double from the string 'not a double'
[15:10:53,698  WARN StringTools:382] - Could not create a double from the string 'not a double'
[15:10:53,698  WARN StringTools:382] - Could not create a double from the string 'not a double'
[15:10:53,698  WARN StringTools:382] - Could not create a double from the string 'not a double'
[15:10:53,713  WARN StringTools:382] - Could not create a double from the string 'not a double'
[15:10:53,713  WARN StringTools:382] - Could not create a double from the string 'not a double'
[15:10:53,745  WARN StringTools:404] - Could not create an integer from the string 0.5
[15:10:53,745  WARN StringTools:404] - Could not create an integer from the string not an integer
[15:10:53,745  WARN StringTools:404] - Could not create an integer from the string 5.0
[15:10:53,745  WARN StringTools:404] - Could not create an integer from the string not an integer
[15:10:53,745  WARN StringTools:404] - Could not create an integer from the string 0.5
[15:10:53,745  WARN StringTools:404] - Could not create an integer from the string not an integer
[15:12:30,822  WARN StringTools:404] - Could not create an integer from the string not-an-integer
[15:12:30,869  WARN StringTools:382] - Could not create a double from the string 'not a double'
[15:12:30,885  WARN StringTools:382] - Could not create a double from the string 'not a double'
[15:12:30,885  WARN StringTools:382] - Could not create a double from the string 'not a double'
[15:12:30,885  WARN StringTools:382] - Could not create a double from the string 'not a double'
[15:12:30,885  WARN StringTools:382] - Could not create a double from the string 'not a double'
[15:12:30,885  WARN StringTools:382] - Could not create a double from the string 'not a double'
[15:12:30,900  WARN StringTools:404] - Could not create an integer from the string 0.5
[15:12:30,900  WARN StringTools:404] - Could not create an integer from the string not an integer
[15:12:30,900  WARN StringTools:404] - Could not create an integer from the string 5.0
[15:12:30,900  WARN StringTools:404] - Could not create an integer from the string not an integer
[15:12:30,916  WARN StringTools:404] - Could not create an integer from the string 0.5
[15:12:30,916  WARN StringTools:404] - Could not create an integer from the string not an integer
[15:13:19,200  WARN StringTools:404] - Could not create an integer from the string not-an-integer
[15:13:19,231  WARN StringTools:382] - Could not create a double from the string 'not a double'
[15:13:19,247  WARN StringTools:382] - Could not create a double from the string 'not a double'
[15:13:19,247  WARN StringTools:382] - Could not create a double from the string 'not a double'
[15:13:19,247  WARN StringTools:382] - Could not create a double from the string 'not a double'
[15:13:19,247  WARN StringTools:382] - Could not create a double from the string 'not a double'
[15:13:19,247  WARN StringTools:382] - Could not create a double from the string 'not a double'
[15:13:19,278  WARN StringTools:404] - Could not create an integer from the string 0.5
[15:13:19,278  WARN StringTools:404] - Could not create an integer from the string not an integer
[15:13:19,278  WARN StringTools:404] - Could not create an integer from the string 5.0
[15:13:19,278  WARN StringTools:404] - Could not create an integer from the string not an integer
[15:13:19,278  WARN StringTools:404] - Could not create an integer from the string 0.5
[15:13:19,278  WARN StringTools:404] - Could not create an integer from the string not an integer
[15:13:44,301  WARN StringTools:404] - Could not create an integer from the string not-an-integer
[15:13:44,332  WARN StringTools:382] - Could not create a double from the string 'not a double'
[15:13:44,332  WARN StringTools:382] - Could not create a double from the string 'not a double'
[15:13:44,332  WARN StringTools:382] - Could not create a double from the string 'not a double'
[15:13:44,332  WARN StringTools:382] - Could not create a double from the string 'not a double'
[15:13:44,332  WARN StringTools:382] - Could not create a double from the string 'not a double'
[15:13:44,332  WARN StringTools:382] - Could not create a double from the string 'not a double'
[15:13:44,379  WARN StringTools:404] - Could not create an integer from the string 0.5
[15:13:44,379  WARN StringTools:404] - Could not create an integer from the string not an integer
[15:13:44,379  WARN StringTools:404] - Could not create an integer from the string 5.0
[15:13:44,379  WARN StringTools:404] - Could not create an integer from the string not an integer
[15:13:44,379  WARN StringTools:404] - Could not create an integer from the string 0.5
[15:13:44,379  WARN StringTools:404] - Could not create an integer from the string not an integer
[15:16:45,694  WARN StringTools:404] - Could not create an integer from the string not-an-integer
[15:16:45,741  WARN StringTools:382] - Could not create a double from the string 'not a double'
[15:16:45,834  WARN StringTools:382] - Could not create a double from the string 'not a double'
[15:16:45,834  WARN StringTools:382] - Could not create a double from the string 'not a double'
[15:16:45,834  WARN StringTools:382] - Could not create a double from the string 'not a double'
[15:16:45,834  WARN StringTools:382] - Could not create a double from the string 'not a double'
[15:16:45,834  WARN StringTools:382] - Could not create a double from the string 'not a double'
[15:16:45,975  WARN StringTools:404] - Could not create an integer from the string 0.5
[15:16:45,990  WARN StringTools:404] - Could not create an integer from the string not an integer
[15:17:38,425  WARN StringTools:404] - Could not create an integer from the string not-an-integer
[15:17:38,456  WARN StringTools:382] - Could not create a double from the string 'not a double'
[15:17:38,471  WARN StringTools:382] - Could not create a double from the string 'not a double'
[15:17:38,471  WARN StringTools:382] - Could not create a double from the string 'not a double'
[15:17:38,471  WARN StringTools:382] - Could not create a double from the string 'not a double'
[15:17:38,471  WARN StringTools:382] - Could not create a double from the string 'not a double'
[15:17:38,471  WARN StringTools:382] - Could not create a double from the string 'not a double'
[15:17:38,503  WARN StringTools:404] - Could not create an integer from the string 0.5
[15:17:38,503  WARN StringTools:404] - Could not create an integer from the string not an integer
[15:17:38,503  WARN StringTools:404] - Could not create an integer from the string 5.0
[15:17:38,503  WARN StringTools:404] - Could not create an integer from the string not an integer
[15:17:38,503  WARN StringTools:404] - Could not create an integer from the string 0.5
[15:17:38,503  WARN StringTools:404] - Could not create an integer from the string not an integer
[15:27:46,774  WARN StringTools:404] - Could not create an integer from the string not-an-integer
[15:27:46,806  WARN StringTools:382] - Could not create a double from the string 'not a double'
[15:27:46,806  WARN StringTools:382] - Could not create a double from the string 'not a double'
[15:27:46,806  WARN StringTools:382] - Could not create a double from the string 'not a double'
[15:27:46,806  WARN StringTools:382] - Could not create a double from the string 'not a double'
[15:27:46,806  WARN StringTools:382] - Could not create a double from the string 'not a double'
[15:27:46,806  WARN StringTools:382] - Could not create a double from the string 'not a double'
[15:27:46,852  WARN StringTools:404] - Could not create an integer from the string 0.5
[15:27:46,852  WARN StringTools:404] - Could not create an integer from the string not an integer
[15:27:46,852  WARN StringTools:404] - Could not create an integer from the string 5.0
[15:27:46,852  WARN StringTools:404] - Could not create an integer from the string not an integer
[15:27:46,852  WARN StringTools:404] - Could not create an integer from the string 0.5
[15:27:46,852  WARN StringTools:404] - Could not create an integer from the string not an integer
[15:28:10,902  WARN StringTools:404] - Could not create an integer from the string not-an-integer
[15:28:10,933  WARN StringTools:382] - Could not create a double from the string 'not a double'
[15:28:10,949  WARN StringTools:382] - Could not create a double from the string 'not a double'
[15:28:10,949  WARN StringTools:382] - Could not create a double from the string 'not a double'
[15:28:10,949  WARN StringTools:382] - Could not create a double from the string 'not a double'
[15:28:10,949  WARN StringTools:382] - Could not create a double from the string 'not a double'
[15:28:10,949  WARN StringTools:382] - Could not create a double from the string 'not a double'
[15:28:10,980  WARN StringTools:404] - Could not create an integer from the string 0.5
[15:28:10,980  WARN StringTools:404] - Could not create an integer from the string not an integer
[15:28:10,980  WARN StringTools:404] - Could not create an integer from the string 5.0
[15:28:10,980  WARN StringTools:404] - Could not create an integer from the string not an integer
[15:28:10,980  WARN StringTools:404] - Could not create an integer from the string 0.5
[15:28:10,995  WARN StringTools:404] - Could not create an integer from the string not an integer
[15:37:31,601  WARN StringTools:404] - Could not create an integer from the string not-an-integer
[15:37:31,632  WARN StringTools:382] - Could not create a double from the string 'not a double'
[15:37:31,632  WARN StringTools:382] - Could not create a double from the string 'not a double'
[15:37:31,632  WARN StringTools:382] - Could not create a double from the string 'not a double'
[15:37:31,632  WARN StringTools:382] - Could not create a double from the string 'not a double'
[15:37:31,632  WARN StringTools:382] - Could not create a double from the string 'not a double'
[15:37:31,632  WARN StringTools:382] - Could not create a double from the string 'not a double'
[15:37:31,647  WARN StringTools:404] - Could not create an integer from the string 0.5
[15:37:31,647  WARN StringTools:404] - Could not create an integer from the string not an integer
[15:37:31,647  WARN StringTools:404] - Could not create an integer from the string 5.0
[15:37:31,647  WARN StringTools:404] - Could not create an integer from the string not an integer
[15:37:31,647  WARN StringTools:404] - Could not create an integer from the string 0.5
[15:37:31,647  WARN StringTools:404] - Could not create an integer from the string not an integer
[15:37:35,757  WARN StringTools:404] - Could not create an integer from the string not-an-integer
[15:37:35,788  WARN StringTools:382] - Could not create a double from the string 'not a double'
[15:37:35,804  WARN StringTools:382] - Could not create a double from the string 'not a double'
[15:37:35,804  WARN StringTools:382] - Could not create a double from the string 'not a double'
[15:37:35,804  WARN StringTools:382] - Could not create a double from the string 'not a double'
[15:37:35,804  WARN StringTools:382] - Could not create a double from the string 'not a double'
[15:37:35,804  WARN StringTools:382] - Could not create a double from the string 'not a double'
[15:37:35,820  WARN StringTools:404] - Could not create an integer from the string 0.5
[15:37:35,820  WARN StringTools:404] - Could not create an integer from the string not an integer
[15:37:35,820  WARN StringTools:404] - Could not create an integer from the string 5.0
[15:37:35,820  WARN StringTools:404] - Could not create an integer from the string not an integer
[15:37:35,820  WARN StringTools:404] - Could not create an integer from the string 0.5
[15:37:35,820  WARN StringTools:404] - Could not create an integer from the string not an integer
[15:43:25,709  WARN StringTools:404] - Could not create an integer from the string not-an-integer
[15:43:25,756  WARN StringTools:382] - Could not create a double from the string 'not a double'
[15:43:25,771  WARN StringTools:382] - Could not create a double from the string 'not a double'
[15:43:25,771  WARN StringTools:382] - Could not create a double from the string 'not a double'
[15:43:25,771  WARN StringTools:382] - Could not create a double from the string 'not a double'
[15:43:25,771  WARN StringTools:382] - Could not create a double from the string 'not a double'
[15:43:25,771  WARN StringTools:382] - Could not create a double from the string 'not a double'
[15:43:25,787  WARN StringTools:404] - Could not create an integer from the string 0.5
[15:43:25,787  WARN StringTools:404] - Could not create an integer from the string not an integer
[15:43:25,787  WARN StringTools:404] - Could not create an integer from the string 5.0
[15:43:25,787  WARN StringTools:404] - Could not create an integer from the string not an integer
[15:43:25,787  WARN StringTools:404] - Could not create an integer from the string 0.5
[15:43:25,787  WARN StringTools:404] - Could not create an integer from the string not an integer
[15:44:28,173  WARN StringTools:404] - Could not create an integer from the string not-an-integer
[15:44:28,204  WARN StringTools:382] - Could not create a double from the string 'not a double'
[15:44:28,220  WARN StringTools:382] - Could not create a double from the string 'not a double'
[15:44:28,220  WARN StringTools:382] - Could not create a double from the string 'not a double'
[15:44:28,220  WARN StringTools:382] - Could not create a double from the string 'not a double'
[15:44:28,220  WARN StringTools:382] - Could not create a double from the string 'not a double'
[15:44:28,220  WARN StringTools:382] - Could not create a double from the string 'not a double'
[15:44:28,251  WARN StringTools:404] - Could not create an integer from the string 0.5
[15:44:28,251  WARN StringTools:404] - Could not create an integer from the string not an integer
[15:44:28,251  WARN StringTools:404] - Could not create an integer from the string 5.0
[15:44:28,251  WARN StringTools:404] - Could not create an integer from the string not an integer
[15:44:28,251  WARN StringTools:404] - Could not create an integer from the string 0.5
[15:44:28,251  WARN StringTools:404] - Could not create an integer from the string not an integer
[15:45:14,127  WARN StringTools:404] - Could not create an integer from the string not-an-integer
[15:45:14,142  WARN StringTools:382] - Could not create a double from the string 'not a double'
[15:45:14,158  WARN StringTools:382] - Could not create a double from the string 'not a double'
[15:45:14,158  WARN StringTools:382] - Could not create a double from the string 'not a double'
[15:45:14,158  WARN StringTools:382] - Could not create a double from the string 'not a double'
[15:45:14,158  WARN StringTools:382] - Could not create a double from the string 'not a double'
[15:45:14,158  WARN StringTools:382] - Could not create a double from the string 'not a double'
[15:45:14,158  WARN StringTools:404] - Could not create an integer from the string 0.5
[15:45:14,158  WARN StringTools:404] - Could not create an integer from the string not an integer
[15:45:14,158  WARN StringTools:404] - Could not create an integer from the string 5.0
[15:45:14,158  WARN StringTools:404] - Could not create an integer from the string not an integer
[15:45:14,174  WARN StringTools:404] - Could not create an integer from the string 0.5
[15:45:14,174  WARN StringTools:404] - Could not create an integer from the string not an integer
[15:46:48,946  WARN StringTools:404] - Could not create an integer from the string not-an-integer
[15:46:48,962  WARN StringTools:382] - Could not create a double from the string 'not a double'
[15:46:48,977  WARN StringTools:382] - Could not create a double from the string 'not a double'
[15:46:48,977  WARN StringTools:382] - Could not create a double from the string 'not a double'
[15:46:48,977  WARN StringTools:382] - Could not create a double from the string 'not a double'
[15:46:48,977  WARN StringTools:382] - Could not create a double from the string 'not a double'
[15:46:48,977  WARN StringTools:382] - Could not create a double from the string 'not a double'
[15:46:48,977  WARN StringTools:404] - Could not create an integer from the string 0.5
[15:46:48,977  WARN StringTools:404] - Could not create an integer from the string not an integer
[15:46:48,977  WARN StringTools:404] - Could not create an integer from the string 5.0
[15:46:48,993  WARN StringTools:404] - Could not create an integer from the string not an integer
[15:46:48,993  WARN StringTools:404] - Could not create an integer from the string 0.5
[15:46:48,993  WARN StringTools:404] - Could not create an integer from the string not an integer
[15:47:28,530  WARN StringTools:404] - Could not create an integer from the string not-an-integer
[15:47:28,562  WARN StringTools:382] - Could not create a double from the string 'not a double'
[15:47:28,562  WARN StringTools:382] - Could not create a double from the string 'not a double'
[15:47:28,562  WARN StringTools:382] - Could not create a double from the string 'not a double'
[15:47:28,562  WARN StringTools:382] - Could not create a double from the string 'not a double'
[15:47:28,562  WARN StringTools:382] - Could not create a double from the string 'not a double'
[15:47:28,562  WARN StringTools:382] - Could not create a double from the string 'not a double'
[15:47:28,577  WARN StringTools:404] - Could not create an integer from the string 0.5
[15:47:28,577  WARN StringTools:404] - Could not create an integer from the string not an integer
[15:47:28,577  WARN StringTools:404] - Could not create an integer from the string 5.0
[15:47:28,577  WARN StringTools:404] - Could not create an integer from the string not an integer
[15:47:28,577  WARN StringTools:404] - Could not create an integer from the string 0.5
[15:47:28,577  WARN StringTools:404] - Could not create an integer from the string not an integer
[15:47:35,467  WARN StringTools:404] - Could not create an integer from the string not-an-integer
[15:47:35,498  WARN StringTools:382] - Could not create a double from the string 'not a double'
[15:47:35,514  WARN StringTools:382] - Could not create a double from the string 'not a double'
[15:47:35,514  WARN StringTools:382] - Could not create a double from the string 'not a double'
[15:47:35,514  WARN StringTools:382] - Could not create a double from the string 'not a double'
[15:47:35,514  WARN StringTools:382] - Could not create a double from the string 'not a double'
[15:47:35,514  WARN StringTools:382] - Could not create a double from the string 'not a double'
[15:47:35,529  WARN StringTools:404] - Could not create an integer from the string 0.5
[15:47:35,545  WARN StringTools:404] - Could not create an integer from the string not an integer
[15:47:35,545  WARN StringTools:404] - Could not create an integer from the string 5.0
[15:47:35,545  WARN StringTools:404] - Could not create an integer from the string not an integer
[15:47:35,545  WARN StringTools:404] - Could not create an integer from the string 0.5
[15:47:35,545  WARN StringTools:404] - Could not create an integer from the string not an integer
[15:49:37,685  WARN StringTools:404] - Could not create an integer from the string not-an-integer
[15:49:37,731  WARN StringTools:382] - Could not create a double from the string 'not a double'
[15:49:37,747  WARN StringTools:382] - Could not create a double from the string 'not a double'
[15:49:37,747  WARN StringTools:382] - Could not create a double from the string 'not a double'
[15:49:37,747  WARN StringTools:382] - Could not create a double from the string 'not a double'
[15:49:37,747  WARN StringTools:382] - Could not create a double from the string 'not a double'
[15:49:37,747  WARN StringTools:382] - Could not create a double from the string 'not a double'
[15:49:37,794  WARN StringTools:404] - Could not create an integer from the string 0.5
[15:49:37,794  WARN StringTools:404] - Could not create an integer from the string not an integer
[15:49:37,794  WARN StringTools:404] - Could not create an integer from the string 5.0
[15:49:37,794  WARN StringTools:404] - Could not create an integer from the string not an integer
[15:49:37,794  WARN StringTools:404] - Could not create an integer from the string 0.5
[15:49:37,794  WARN StringTools:404] - Could not create an integer from the string not an integer
[15:59:55,196  WARN StringTools:404] - Could not create an integer from the string not-an-integer
[15:59:55,258  WARN StringTools:382] - Could not create a double from the string 'not a double'
[15:59:55,274  WARN StringTools:382] - Could not create a double from the string 'not a double'
[15:59:55,274  WARN StringTools:382] - Could not create a double from the string 'not a double'
[15:59:55,274  WARN StringTools:382] - Could not create a double from the string 'not a double'
[15:59:55,274  WARN StringTools:382] - Could not create a double from the string 'not a double'
[15:59:55,274  WARN StringTools:382] - Could not create a double from the string 'not a double'
[15:59:55,367  WARN StringTools:404] - Could not create an integer from the string 0.5
[15:59:55,383  WARN StringTools:404] - Could not create an integer from the string not an integer
[15:59:55,383  WARN StringTools:404] - Could not create an integer from the string 5.0
[15:59:55,383  WARN StringTools:404] - Could not create an integer from the string not an integer
[15:59:55,383  WARN StringTools:404] - Could not create an integer from the string 0.5
[15:59:55,383  WARN StringTools:404] - Could not create an integer from the string not an integer
[16:00:53,579  WARN StringTools:404] - Could not create an integer from the string not-an-integer
[16:00:53,611  WARN StringTools:382] - Could not create a double from the string 'not a double'
[16:00:53,611  WARN StringTools:382] - Could not create a double from the string 'not a double'
[16:00:53,611  WARN StringTools:382] - Could not create a double from the string 'not a double'
[16:00:53,611  WARN StringTools:382] - Could not create a double from the string 'not a double'
[16:00:53,611  WARN StringTools:382] - Could not create a double from the string 'not a double'
[16:00:53,611  WARN StringTools:382] - Could not create a double from the string 'not a double'
[16:00:53,657  WARN StringTools:404] - Could not create an integer from the string 0.5
[16:00:53,657  WARN StringTools:404] - Could not create an integer from the string not an integer
[16:00:53,657  WARN StringTools:404] - Could not create an integer from the string 5.0
[16:00:53,657  WARN StringTools:404] - Could not create an integer from the string not an integer
[16:00:53,657  WARN StringTools:404] - Could not create an integer from the string 0.5
[16:00:53,657  WARN StringTools:404] - Could not create an integer from the string not an integer
[16:02:33,329  WARN StringTools:404] - Could not create an integer from the string not-an-integer
[16:02:33,345  WARN StringTools:382] - Could not create a double from the string 'not a double'
[16:02:33,360  WARN StringTools:382] - Could not create a double from the string 'not a double'
[16:02:33,360  WARN StringTools:382] - Could not create a double from the string 'not a double'
[16:02:33,360  WARN StringTools:382] - Could not create a double from the string 'not a double'
[16:02:33,360  WARN StringTools:382] - Could not create a double from the string 'not a double'
[16:02:33,360  WARN StringTools:382] - Could not create a double from the string 'not a double'
[16:02:33,391  WARN StringTools:404] - Could not create an integer from the string 0.5
[16:02:33,391  WARN StringTools:404] - Could not create an integer from the string not an integer
[16:02:33,391  WARN StringTools:404] - Could not create an integer from the string 5.0
[16:02:33,391  WARN StringTools:404] - Could not create an integer from the string not an integer
[16:02:33,391  WARN StringTools:404] - Could not create an integer from the string 0.5
[16:02:33,391  WARN StringTools:404] - Could not create an integer from the string not an integer
[16:03:35,852  WARN StringTools:404] - Could not create an integer from the string not-an-integer
[16:03:35,884  WARN StringTools:382] - Could not create a double from the string 'not a double'
[16:03:35,899  WARN StringTools:382] - Could not create a double from the string 'not a double'
[16:03:35,899  WARN StringTools:382] - Could not create a double from the string 'not a double'
[16:03:35,899  WARN StringTools:382] - Could not create a double from the string 'not a double'
[16:03:35,899  WARN StringTools:382] - Could not create a double from the string 'not a double'
[16:03:35,899  WARN StringTools:382] - Could not create a double from the string 'not a double'
[16:03:35,946  WARN StringTools:404] - Could not create an integer from the string 0.5
[16:03:35,946  WARN StringTools:404] - Could not create an integer from the string not an integer
[16:03:35,946  WARN StringTools:404] - Could not create an integer from the string 5.0
[16:03:35,946  WARN StringTools:404] - Could not create an integer from the string not an integer
[16:03:35,946  WARN StringTools:404] - Could not create an integer from the string 0.5
[16:03:35,946  WARN StringTools:404] - Could not create an integer from the string not an integer
[16:04:23,737  WARN StringTools:404] - Could not create an integer from the string not-an-integer
[16:04:23,768  WARN StringTools:382] - Could not create a double from the string 'not a double'
[16:04:23,768  WARN StringTools:382] - Could not create a double from the string 'not a double'
[16:04:23,768  WARN StringTools:382] - Could not create a double from the string 'not a double'
[16:04:23,768  WARN StringTools:382] - Could not create a double from the string 'not a double'
[16:04:23,768  WARN StringTools:382] - Could not create a double from the string 'not a double'
[16:04:23,784  WARN StringTools:382] - Could not create a double from the string 'not a double'
[16:04:23,784  WARN StringTools:404] - Could not create an integer from the string 0.5
[16:04:23,784  WARN StringTools:404] - Could not create an integer from the string not an integer
[16:04:23,784  WARN StringTools:404] - Could not create an integer from the string 5.0
[16:04:23,784  WARN StringTools:404] - Could not create an integer from the string not an integer
[16:04:23,784  WARN StringTools:404] - Could not create an integer from the string 0.5
[16:04:23,784  WARN StringTools:404] - Could not create an integer from the string not an integer
[16:14:53,461  WARN StringTools:404] - Could not create an integer from the string not-an-integer
[16:14:53,508  WARN StringTools:382] - Could not create a double from the string 'not a double'
[16:14:53,586  WARN StringTools:382] - Could not create a double from the string 'not a double'
[16:14:53,586  WARN StringTools:382] - Could not create a double from the string 'not a double'
[16:14:53,586  WARN StringTools:382] - Could not create a double from the string 'not a double'
[16:14:53,602  WARN StringTools:382] - Could not create a double from the string 'not a double'
[16:14:53,602  WARN StringTools:382] - Could not create a double from the string 'not a double'
[16:14:53,617  WARN StringTools:404] - Could not create an integer from the string 0.5
[16:14:53,711  WARN StringTools:404] - Could not create an integer from the string not an integer
[16:14:53,711  WARN StringTools:404] - Could not create an integer from the string 5.0
[16:14:53,711  WARN StringTools:404] - Could not create an integer from the string not an integer
[16:14:53,711  WARN StringTools:404] - Could not create an integer from the string 0.5
[16:14:53,711  WARN StringTools:404] - Could not create an integer from the string not an integer
[16:15:31,340  WARN StringTools:404] - Could not create an integer from the string not-an-integer
[16:15:31,387  WARN StringTools:382] - Could not create a double from the string 'not a double'
[16:15:31,403  WARN StringTools:382] - Could not create a double from the string 'not a double'
[16:15:31,403  WARN StringTools:382] - Could not create a double from the string 'not a double'
[16:15:31,403  WARN StringTools:382] - Could not create a double from the string 'not a double'
[16:15:31,403  WARN StringTools:382] - Could not create a double from the string 'not a double'
[16:15:31,403  WARN StringTools:382] - Could not create a double from the string 'not a double'
[16:15:31,434  WARN StringTools:404] - Could not create an integer from the string 0.5
[16:15:31,434  WARN StringTools:404] - Could not create an integer from the string not an integer
[16:15:31,434  WARN StringTools:404] - Could not create an integer from the string 5.0
[16:15:31,434  WARN StringTools:404] - Could not create an integer from the string not an integer
[16:15:31,434  WARN StringTools:404] - Could not create an integer from the string 0.5
[16:15:31,434  WARN StringTools:404] - Could not create an integer from the string not an integer
[16:15:47,335  WARN StringTools:404] - Could not create an integer from the string not-an-integer
[16:15:47,367  WARN StringTools:382] - Could not create a double from the string 'not a double'
[16:15:47,382  WARN StringTools:382] - Could not create a double from the string 'not a double'
[16:15:47,382  WARN StringTools:382] - Could not create a double from the string 'not a double'
[16:15:47,382  WARN StringTools:382] - Could not create a double from the string 'not a double'
[16:15:47,382  WARN StringTools:382] - Could not create a double from the string 'not a double'
[16:15:47,382  WARN StringTools:382] - Could not create a double from the string 'not a double'
[16:15:47,429  WARN StringTools:404] - Could not create an integer from the string 0.5
[16:15:47,429  WARN StringTools:404] - Could not create an integer from the string not an integer
[16:15:47,429  WARN StringTools:404] - Could not create an integer from the string 5.0
[16:15:47,429  WARN StringTools:404] - Could not create an integer from the string not an integer
[16:15:47,429  WARN StringTools:404] - Could not create an integer from the string 0.5
[16:15:47,429  WARN StringTools:404] - Could not create an integer from the string not an integer
[16:17:28,782  WARN StringTools:404] - Could not create an integer from the string not-an-integer
[16:17:28,797  WARN StringTools:382] - Could not create a double from the string 'not a double'
[16:17:28,813  WARN StringTools:382] - Could not create a double from the string 'not a double'
[16:17:28,813  WARN StringTools:382] - Could not create a double from the string 'not a double'
[16:17:28,813  WARN StringTools:382] - Could not create a double from the string 'not a double'
[16:17:28,813  WARN StringTools:382] - Could not create a double from the string 'not a double'
[16:17:28,813  WARN StringTools:382] - Could not create a double from the string 'not a double'
[16:17:28,829  WARN StringTools:404] - Could not create an integer from the string 0.5
[16:17:28,829  WARN StringTools:404] - Could not create an integer from the string not an integer
[16:17:28,829  WARN StringTools:404] - Could not create an integer from the string 5.0
[16:17:28,829  WARN StringTools:404] - Could not create an integer from the string not an integer
[16:17:28,829  WARN StringTools:404] - Could not create an integer from the string 0.5
[16:17:28,829  WARN StringTools:404] - Could not create an integer from the string not an integer
[16:17:54,698  WARN StringTools:404] - Could not create an integer from the string not-an-integer
[16:17:54,729  WARN StringTools:382] - Could not create a double from the string 'not a double'
[16:17:54,745  WARN StringTools:382] - Could not create a double from the string 'not a double'
[16:17:54,745  WARN StringTools:382] - Could not create a double from the string 'not a double'
[16:17:54,745  WARN StringTools:382] - Could not create a double from the string 'not a double'
[16:17:54,745  WARN StringTools:382] - Could not create a double from the string 'not a double'
[16:17:54,745  WARN StringTools:382] - Could not create a double from the string 'not a double'
[16:17:54,776  WARN StringTools:404] - Could not create an integer from the string 0.5
[16:17:54,776  WARN StringTools:404] - Could not create an integer from the string not an integer
[16:17:54,776  WARN StringTools:404] - Could not create an integer from the string 5.0
[16:17:54,776  WARN StringTools:404] - Could not create an integer from the string not an integer
[16:17:54,776  WARN StringTools:404] - Could not create an integer from the string 0.5
[16:17:54,776  WARN StringTools:404] - Could not create an integer from the string not an integer
[16:20:00,215  WARN StringTools:404] - Could not create an integer from the string not-an-integer
[16:20:00,246  WARN StringTools:382] - Could not create a double from the string 'not a double'
[16:20:00,246  WARN StringTools:382] - Could not create a double from the string 'not a double'
[16:20:00,246  WARN StringTools:382] - Could not create a double from the string 'not a double'
[16:20:00,262  WARN StringTools:382] - Could not create a double from the string 'not a double'
[16:20:00,262  WARN StringTools:382] - Could not create a double from the string 'not a double'
[16:20:00,262  WARN StringTools:382] - Could not create a double from the string 'not a double'
[16:20:00,277  WARN StringTools:404] - Could not create an integer from the string 0.5
[16:20:00,277  WARN StringTools:404] - Could not create an integer from the string not an integer
[16:20:00,277  WARN StringTools:404] - Could not create an integer from the string 5.0
[16:20:00,277  WARN StringTools:404] - Could not create an integer from the string not an integer
[16:20:00,277  WARN StringTools:404] - Could not create an integer from the string 0.5
[16:20:00,277  WARN StringTools:404] - Could not create an integer from the string not an integer
[16:20:57,687  WARN StringTools:404] - Could not create an integer from the string not-an-integer
[16:20:57,718  WARN StringTools:382] - Could not create a double from the string 'not a double'
[16:20:57,734  WARN StringTools:382] - Could not create a double from the string 'not a double'
[16:20:57,734  WARN StringTools:382] - Could not create a double from the string 'not a double'
[16:20:57,734  WARN StringTools:382] - Could not create a double from the string 'not a double'
[16:20:57,734  WARN StringTools:382] - Could not create a double from the string 'not a double'
[16:20:57,734  WARN StringTools:382] - Could not create a double from the string 'not a double'
[16:20:57,750  WARN StringTools:404] - Could not create an integer from the string 0.5
[16:20:57,750  WARN StringTools:404] - Could not create an integer from the string not an integer
[16:20:57,750  WARN StringTools:404] - Could not create an integer from the string 5.0
[16:20:57,750  WARN StringTools:404] - Could not create an integer from the string not an integer
[16:20:57,750  WARN StringTools:404] - Could not create an integer from the string 0.5
[16:20:57,750  WARN StringTools:404] - Could not create an integer from the string not an integer
[16:43:30,807  WARN StringTools:404] - Could not create an integer from the string not-an-integer
[16:43:30,838  WARN StringTools:382] - Could not create a double from the string 'not a double'
[16:43:30,838  WARN StringTools:382] - Could not create a double from the string 'not a double'
[16:43:30,838  WARN StringTools:382] - Could not create a double from the string 'not a double'
[16:43:30,838  WARN StringTools:382] - Could not create a double from the string 'not a double'
[16:43:30,838  WARN StringTools:382] - Could not create a double from the string 'not a double'
[16:43:30,838  WARN StringTools:382] - Could not create a double from the string 'not a double'
[16:43:30,854  WARN StringTools:404] - Could not create an integer from the string 0.5
[16:43:30,854  WARN StringTools:404] - Could not create an integer from the string not an integer
[16:43:30,854  WARN StringTools:404] - Could not create an integer from the string 5.0
[16:43:30,854  WARN StringTools:404] - Could not create an integer from the string not an integer
[16:43:30,854  WARN StringTools:404] - Could not create an integer from the string 0.5
[16:43:30,854  WARN StringTools:404] - Could not create an integer from the string not an integer
[16:46:17,585  WARN StringTools:404] - Could not create an integer from the string not-an-integer
[16:46:17,616  WARN StringTools:382] - Could not create a double from the string 'not a double'
[16:46:17,616  WARN StringTools:382] - Could not create a double from the string 'not a double'
[16:46:17,616  WARN StringTools:382] - Could not create a double from the string 'not a double'
[16:46:17,616  WARN StringTools:382] - Could not create a double from the string 'not a double'
[16:46:17,616  WARN StringTools:382] - Could not create a double from the string 'not a double'
[16:46:17,616  WARN StringTools:382] - Could not create a double from the string 'not a double'
[16:46:17,663  WARN StringTools:404] - Could not create an integer from the string 0.5
[16:46:17,663  WARN StringTools:404] - Could not create an integer from the string not an integer
[16:46:17,663  WARN StringTools:404] - Could not create an integer from the string 5.0
[16:46:17,663  WARN StringTools:404] - Could not create an integer from the string not an integer
[16:46:17,663  WARN StringTools:404] - Could not create an integer from the string 0.5
[16:46:17,663  WARN StringTools:404] - Could not create an integer from the string not an integer
[16:47:38,803  WARN StringTools:404] - Could not create an integer from the string not-an-integer
[16:47:38,834  WARN StringTools:382] - Could not create a double from the string 'not a double'
[16:47:38,834  WARN StringTools:382] - Could not create a double from the string 'not a double'
[16:47:38,834  WARN StringTools:382] - Could not create a double from the string 'not a double'
[16:47:38,834  WARN StringTools:382] - Could not create a double from the string 'not a double'
[16:47:38,834  WARN StringTools:382] - Could not create a double from the string 'not a double'
[16:47:38,834  WARN StringTools:382] - Could not create a double from the string 'not a double'
[16:47:38,850  WARN StringTools:404] - Could not create an integer from the string 0.5
[16:47:38,850  WARN StringTools:404] - Could not create an integer from the string not an integer
[16:47:38,850  WARN StringTools:404] - Could not create an integer from the string 5.0
[16:47:38,850  WARN StringTools:404] - Could not create an integer from the string not an integer
[16:47:38,850  WARN StringTools:404] - Could not create an integer from the string 0.5
[16:47:38,850  WARN StringTools:404] - Could not create an integer from the string not an integer
[16:47:42,356  WARN StringTools:404] - Could not create an integer from the string not-an-integer
[16:47:42,403  WARN StringTools:382] - Could not create a double from the string 'not a double'
[16:47:42,403  WARN StringTools:382] - Could not create a double from the string 'not a double'
[16:47:42,403  WARN StringTools:382] - Could not create a double from the string 'not a double'
[16:47:42,403  WARN StringTools:382] - Could not create a double from the string 'not a double'
[16:47:42,403  WARN StringTools:382] - Could not create a double from the string 'not a double'
[16:47:42,403  WARN StringTools:382] - Could not create a double from the string 'not a double'
[16:47:42,434  WARN StringTools:404] - Could not create an integer from the string 0.5
[16:47:42,434  WARN StringTools:404] - Could not create an integer from the string not an integer
[16:47:42,434  WARN StringTools:404] - Could not create an integer from the string 5.0
[16:47:42,434  WARN StringTools:404] - Could not create an integer from the string not an integer
[16:47:42,434  WARN StringTools:404] - Could not create an integer from the string 0.5
[16:47:42,434  WARN StringTools:404] - Could not create an integer from the string not an integer
[16:51:59,372  WARN StringTools:404] - Could not create an integer from the string not-an-integer
[16:51:59,387  WARN StringTools:382] - Could not create a double from the string 'not a double'
[16:51:59,403  WARN StringTools:382] - Could not create a double from the string 'not a double'
[16:51:59,403  WARN StringTools:382] - Could not create a double from the string 'not a double'
[16:51:59,403  WARN StringTools:382] - Could not create a double from the string 'not a double'
[16:51:59,403  WARN StringTools:382] - Could not create a double from the string 'not a double'
[16:51:59,403  WARN StringTools:382] - Could not create a double from the string 'not a double'
[16:51:59,434  WARN StringTools:404] - Could not create an integer from the string 0.5
[16:51:59,434  WARN StringTools:404] - Could not create an integer from the string not an integer
[16:51:59,434  WARN StringTools:404] - Could not create an integer from the string 5.0
[16:51:59,465  WARN StringTools:404] - Could not create an integer from the string not an integer
[16:51:59,465  WARN StringTools:404] - Could not create an integer from the string 0.5
[16:51:59,465  WARN StringTools:404] - Could not create an integer from the string not an integer
[16:52:46,989  WARN StringTools:404] - Could not create an integer from the string not-an-integer
[16:52:47,020  WARN StringTools:382] - Could not create a double from the string 'not a double'
[16:52:47,020  WARN StringTools:382] - Could not create a double from the string 'not a double'
[16:52:47,020  WARN StringTools:382] - Could not create a double from the string 'not a double'
[16:52:47,020  WARN StringTools:382] - Could not create a double from the string 'not a double'
[16:52:47,036  WARN StringTools:382] - Could not create a double from the string 'not a double'
[16:52:47,036  WARN StringTools:382] - Could not create a double from the string 'not a double'
[16:52:47,036  WARN StringTools:404] - Could not create an integer from the string 0.5
[16:52:47,036  WARN StringTools:404] - Could not create an integer from the string not an integer
[16:52:47,036  WARN StringTools:404] - Could not create an integer from the string 5.0
[16:52:47,036  WARN StringTools:404] - Could not create an integer from the string not an integer
[16:52:47,036  WARN StringTools:404] - Could not create an integer from the string 0.5
[16:52:47,036  WARN StringTools:404] - Could not create an integer from the string not an integer
[16:54:35,098  WARN StringTools:404] - Could not create an integer from the string not-an-integer
[16:54:35,129  WARN StringTools:382] - Could not create a double from the string 'not a double'
[16:54:35,145  WARN StringTools:382] - Could not create a double from the string 'not a double'
[16:54:35,145  WARN StringTools:382] - Could not create a double from the string 'not a double'
[16:54:35,145  WARN StringTools:382] - Could not create a double from the string 'not a double'
[16:54:35,145  WARN StringTools:382] - Could not create a double from the string 'not a double'
[16:54:35,145  WARN StringTools:382] - Could not create a double from the string 'not a double'
[16:54:35,160  WARN StringTools:404] - Could not create an integer from the string 0.5
[16:54:35,160  WARN StringTools:404] - Could not create an integer from the string not an integer
[16:54:35,160  WARN StringTools:404] - Could not create an integer from the string 5.0
[16:54:35,176  WARN StringTools:404] - Could not create an integer from the string not an integer
[16:54:35,176  WARN StringTools:404] - Could not create an integer from the string 0.5
[16:54:35,176  WARN StringTools:404] - Could not create an integer from the string not an integer
[17:03:00,222  WARN StringTools:404] - Could not create an integer from the string not-an-integer
[17:03:00,269  WARN StringTools:382] - Could not create a double from the string 'not a double'
[17:03:00,285  WARN StringTools:382] - Could not create a double from the string 'not a double'
[17:03:00,285  WARN StringTools:382] - Could not create a double from the string 'not a double'
[17:03:00,285  WARN StringTools:382] - Could not create a double from the string 'not a double'
[17:03:00,285  WARN StringTools:382] - Could not create a double from the string 'not a double'
[17:03:00,285  WARN StringTools:382] - Could not create a double from the string 'not a double'
[17:03:00,332  WARN StringTools:404] - Could not create an integer from the string 0.5
[17:03:00,332  WARN StringTools:404] - Could not create an integer from the string not an integer
[17:03:00,332  WARN StringTools:404] - Could not create an integer from the string 5.0
[17:03:00,332  WARN StringTools:404] - Could not create an integer from the string not an integer
[17:03:00,332  WARN StringTools:404] - Could not create an integer from the string 0.5
[17:03:00,332  WARN StringTools:404] - Could not create an integer from the string not an integer
[17:05:28,989  WARN StringTools:404] - Could not create an integer from the string not-an-integer
[17:05:29,005  WARN StringTools:382] - Could not create a double from the string 'not a double'
[17:05:29,005  WARN StringTools:382] - Could not create a double from the string 'not a double'
[17:05:29,005  WARN StringTools:382] - Could not create a double from the string 'not a double'
[17:05:29,005  WARN StringTools:382] - Could not create a double from the string 'not a double'
[17:05:29,005  WARN StringTools:382] - Could not create a double from the string 'not a double'
[17:05:29,005  WARN StringTools:382] - Could not create a double from the string 'not a double'
[17:05:29,021  WARN StringTools:404] - Could not create an integer from the string 0.5
[17:05:29,021  WARN StringTools:404] - Could not create an integer from the string not an integer
[17:05:29,021  WARN StringTools:404] - Could not create an integer from the string 5.0
[17:05:29,021  WARN StringTools:404] - Could not create an integer from the string not an integer
[17:05:29,021  WARN StringTools:404] - Could not create an integer from the string 0.5
[17:05:29,021  WARN StringTools:404] - Could not create an integer from the string not an integer
[17:05:31,999  WARN StringTools:404] - Could not create an integer from the string not-an-integer
[17:05:32,030  WARN StringTools:382] - Could not create a double from the string 'not a double'
[17:05:32,030  WARN StringTools:382] - Could not create a double from the string 'not a double'
[17:05:32,045  WARN StringTools:382] - Could not create a double from the string 'not a double'
[17:05:32,045  WARN StringTools:382] - Could not create a double from the string 'not a double'
[17:05:32,045  WARN StringTools:382] - Could not create a double from the string 'not a double'
[17:05:32,045  WARN StringTools:382] - Could not create a double from the string 'not a double'
[17:05:32,061  WARN StringTools:404] - Could not create an integer from the string 0.5
[17:05:32,061  WARN StringTools:404] - Could not create an integer from the string not an integer
[17:05:32,061  WARN StringTools:404] - Could not create an integer from the string 5.0
[17:05:32,061  WARN StringTools:404] - Could not create an integer from the string not an integer
[17:05:32,061  WARN StringTools:404] - Could not create an integer from the string 0.5
[17:05:32,061  WARN StringTools:404] - Could not create an integer from the string not an integer
[17:05:57,083  WARN StringTools:404] - Could not create an integer from the string not-an-integer
[17:05:57,114  WARN StringTools:382] - Could not create a double from the string 'not a double'
[17:05:57,114  WARN StringTools:382] - Could not create a double from the string 'not a double'
[17:05:57,130  WARN StringTools:382] - Could not create a double from the string 'not a double'
[17:05:57,130  WARN StringTools:382] - Could not create a double from the string 'not a double'
[17:05:57,130  WARN StringTools:382] - Could not create a double from the string 'not a double'
[17:05:57,130  WARN StringTools:382] - Could not create a double from the string 'not a double'
[17:05:57,145  WARN StringTools:404] - Could not create an integer from the string 0.5
[17:05:57,145  WARN StringTools:404] - Could not create an integer from the string not an integer
[17:05:57,145  WARN StringTools:404] - Could not create an integer from the string 5.0
[17:05:57,161  WARN StringTools:404] - Could not create an integer from the string not an integer
[17:05:57,161  WARN StringTools:404] - Could not create an integer from the string 0.5
[17:05:57,161  WARN StringTools:404] - Could not create an integer from the string not an integer
[13:24:12,740  WARN StringTools:404] - Could not create an integer from the string not-an-integer
[13:24:12,851  WARN StringTools:382] - Could not create a double from the string 'not a double'
[13:24:12,855  WARN StringTools:382] - Could not create a double from the string 'not a double'
[13:24:12,855  WARN StringTools:382] - Could not create a double from the string 'not a double'
[13:24:12,856  WARN StringTools:382] - Could not create a double from the string 'not a double'
[13:24:12,856  WARN StringTools:382] - Could not create a double from the string 'not a double'
[13:24:12,857  WARN StringTools:382] - Could not create a double from the string 'not a double'
[13:24:12,962  WARN StringTools:404] - Could not create an integer from the string 0.5
[13:24:12,963  WARN StringTools:404] - Could not create an integer from the string not an integer
[13:24:12,963  WARN StringTools:404] - Could not create an integer from the string 5.0
[13:24:12,964  WARN StringTools:404] - Could not create an integer from the string not an integer
[13:24:12,964  WARN StringTools:404] - Could not create an integer from the string 0.5
[13:24:12,964  WARN StringTools:404] - Could not create an integer from the string not an integer
[14:14:30,736  WARN StringTools:404] - Could not create an integer from the string not-an-integer
[14:14:30,806  WARN StringTools:382] - Could not create a double from the string 'not a double'
[14:14:30,816  WARN StringTools:382] - Could not create a double from the string 'not a double'
[14:14:30,816  WARN StringTools:382] - Could not create a double from the string 'not a double'
[14:14:30,816  WARN StringTools:382] - Could not create a double from the string 'not a double'
[14:14:30,816  WARN StringTools:382] - Could not create a double from the string 'not a double'
[14:14:30,816  WARN StringTools:382] - Could not create a double from the string 'not a double'
[14:14:31,170  WARN StringTools:404] - Could not create an integer from the string 0.5
[14:14:31,171  WARN StringTools:404] - Could not create an integer from the string not an integer
[14:14:31,171  WARN StringTools:404] - Could not create an integer from the string 5.0
[14:14:31,171  WARN StringTools:404] - Could not create an integer from the string not an integer
[14:14:31,172  WARN StringTools:404] - Could not create an integer from the string 0.5
[14:14:31,172  WARN StringTools:404] - Could not create an integer from the string not an integer
[14:19:14,285  WARN StringTools:404] - Could not create an integer from the string not-an-integer
[14:19:14,301  WARN StringTools:382] - Could not create a double from the string 'not a double'
[14:19:14,301  WARN StringTools:382] - Could not create a double from the string 'not a double'
[14:19:14,301  WARN StringTools:382] - Could not create a double from the string 'not a double'
[14:19:14,301  WARN StringTools:382] - Could not create a double from the string 'not a double'
[14:19:14,301  WARN StringTools:382] - Could not create a double from the string 'not a double'
[14:19:14,301  WARN StringTools:382] - Could not create a double from the string 'not a double'
[14:19:14,425  WARN StringTools:404] - Could not create an integer from the string 0.5
[14:19:14,425  WARN StringTools:404] - Could not create an integer from the string not an integer
[14:19:14,425  WARN StringTools:404] - Could not create an integer from the string 5.0
[14:19:14,425  WARN StringTools:404] - Could not create an integer from the string not an integer
[14:19:14,425  WARN StringTools:404] - Could not create an integer from the string 0.5
[14:19:14,425  WARN StringTools:404] - Could not create an integer from the string not an integer
[14:20:24,508  WARN StringTools:404] - Could not create an integer from the string not-an-integer
[14:20:24,555  WARN StringTools:382] - Could not create a double from the string 'not a double'
[14:20:24,555  WARN StringTools:382] - Could not create a double from the string 'not a double'
[14:20:24,555  WARN StringTools:382] - Could not create a double from the string 'not a double'
[14:20:24,555  WARN StringTools:382] - Could not create a double from the string 'not a double'
[14:20:24,555  WARN StringTools:382] - Could not create a double from the string 'not a double'
[14:20:24,555  WARN StringTools:382] - Could not create a double from the string 'not a double'
[14:20:24,711  WARN StringTools:404] - Could not create an integer from the string 0.5
[14:20:24,711  WARN StringTools:404] - Could not create an integer from the string not an integer
[14:20:24,711  WARN StringTools:404] - Could not create an integer from the string 5.0
[14:20:24,711  WARN StringTools:404] - Could not create an integer from the string not an integer
[14:20:24,711  WARN StringTools:404] - Could not create an integer from the string 0.5
[14:20:24,711  WARN StringTools:404] - Could not create an integer from the string not an integer
[14:24:35,832  WARN StringTools:404] - Could not create an integer from the string not-an-integer
[14:24:35,879  WARN StringTools:382] - Could not create a double from the string 'not a double'
[14:24:35,894  WARN StringTools:382] - Could not create a double from the string 'not a double'
[14:24:35,894  WARN StringTools:382] - Could not create a double from the string 'not a double'
[14:24:35,894  WARN StringTools:382] - Could not create a double from the string 'not a double'
[14:24:35,894  WARN StringTools:382] - Could not create a double from the string 'not a double'
[14:24:35,894  WARN StringTools:382] - Could not create a double from the string 'not a double'
[14:24:36,097  WARN StringTools:404] - Could not create an integer from the string 0.5
[14:24:36,097  WARN StringTools:404] - Could not create an integer from the string not an integer
[14:24:36,097  WARN StringTools:404] - Could not create an integer from the string 5.0
[14:24:36,097  WARN StringTools:404] - Could not create an integer from the string not an integer
[14:24:36,097  WARN StringTools:404] - Could not create an integer from the string 0.5
[14:24:36,097  WARN StringTools:404] - Could not create an integer from the string not an integer
[14:35:15,044  WARN StringTools:404] - Could not create an integer from the string not-an-integer
[14:35:15,076  WARN StringTools:382] - Could not create a double from the string 'not a double'
[14:35:15,091  WARN StringTools:382] - Could not create a double from the string 'not a double'
[14:35:15,091  WARN StringTools:382] - Could not create a double from the string 'not a double'
[14:35:15,091  WARN StringTools:382] - Could not create a double from the string 'not a double'
[14:35:15,091  WARN StringTools:382] - Could not create a double from the string 'not a double'
[14:35:15,091  WARN StringTools:382] - Could not create a double from the string 'not a double'
[14:35:15,216  WARN StringTools:404] - Could not create an integer from the string 0.5
[14:35:15,216  WARN StringTools:404] - Could not create an integer from the string not an integer
[14:35:15,216  WARN StringTools:404] - Could not create an integer from the string 5.0
[14:35:15,216  WARN StringTools:404] - Could not create an integer from the string not an integer
[14:35:15,216  WARN StringTools:404] - Could not create an integer from the string 0.5
[14:35:15,216  WARN StringTools:404] - Could not create an integer from the string not an integer
[14:40:11,584  WARN StringTools:404] - Could not create an integer from the string not-an-integer
[14:40:11,600  WARN StringTools:382] - Could not create a double from the string 'not a double'
[14:40:11,600  WARN StringTools:382] - Could not create a double from the string 'not a double'
[14:40:11,600  WARN StringTools:382] - Could not create a double from the string 'not a double'
[14:40:11,600  WARN StringTools:382] - Could not create a double from the string 'not a double'
[14:40:11,600  WARN StringTools:382] - Could not create a double from the string 'not a double'
[14:40:11,600  WARN StringTools:382] - Could not create a double from the string 'not a double'
[14:40:11,787  WARN StringTools:404] - Could not create an integer from the string 0.5
[14:40:11,787  WARN StringTools:404] - Could not create an integer from the string not an integer
[14:40:11,787  WARN StringTools:404] - Could not create an integer from the string 5.0
[14:40:11,787  WARN StringTools:404] - Could not create an integer from the string not an integer
[14:40:11,787  WARN StringTools:404] - Could not create an integer from the string 0.5
[14:40:11,787  WARN StringTools:404] - Could not create an integer from the string not an integer
[14:42:38,545  WARN StringTools:404] - Could not create an integer from the string not-an-integer
[14:42:38,561  WARN StringTools:382] - Could not create a double from the string 'not a double'
[14:42:38,577  WARN StringTools:382] - Could not create a double from the string 'not a double'
[14:42:38,577  WARN StringTools:382] - Could not create a double from the string 'not a double'
[14:42:38,577  WARN StringTools:382] - Could not create a double from the string 'not a double'
[14:42:38,592  WARN StringTools:382] - Could not create a double from the string 'not a double'
[14:42:38,592  WARN StringTools:382] - Could not create a double from the string 'not a double'
[14:42:38,748  WARN StringTools:404] - Could not create an integer from the string 0.5
[14:42:38,748  WARN StringTools:404] - Could not create an integer from the string not an integer
[14:42:38,748  WARN StringTools:404] - Could not create an integer from the string 5.0
[14:42:38,748  WARN StringTools:404] - Could not create an integer from the string not an integer
[14:42:38,748  WARN StringTools:404] - Could not create an integer from the string 0.5
[14:42:38,748  WARN StringTools:404] - Could not create an integer from the string not an integer
[15:03:56,869  WARN StringTools:404] - Could not create an integer from the string not-an-integer
[15:03:56,916  WARN StringTools:382] - Could not create a double from the string 'not a double'
[15:03:56,916  WARN StringTools:382] - Could not create a double from the string 'not a double'
[15:03:56,931  WARN StringTools:382] - Could not create a double from the string 'not a double'
[15:03:56,931  WARN StringTools:382] - Could not create a double from the string 'not a double'
[15:03:56,931  WARN StringTools:382] - Could not create a double from the string 'not a double'
[15:03:56,931  WARN StringTools:382] - Could not create a double from the string 'not a double'
[15:03:57,072  WARN StringTools:404] - Could not create an integer from the string 0.5
[15:03:57,072  WARN StringTools:404] - Could not create an integer from the string not an integer
[15:03:57,072  WARN StringTools:404] - Could not create an integer from the string 5.0
[15:03:57,072  WARN StringTools:404] - Could not create an integer from the string not an integer
[15:03:57,072  WARN StringTools:404] - Could not create an integer from the string 0.5
[15:03:57,072  WARN StringTools:404] - Could not create an integer from the string not an integer
[15:12:20,275  WARN StringTools:404] - Could not create an integer from the string not-an-integer
[15:12:20,291  WARN StringTools:382] - Could not create a double from the string 'not a double'
[15:12:20,291  WARN StringTools:382] - Could not create a double from the string 'not a double'
[15:12:20,291  WARN StringTools:382] - Could not create a double from the string 'not a double'
[15:12:20,291  WARN StringTools:382] - Could not create a double from the string 'not a double'
[15:12:20,291  WARN StringTools:382] - Could not create a double from the string 'not a double'
[15:12:20,291  WARN StringTools:382] - Could not create a double from the string 'not a double'
[15:12:20,447  WARN StringTools:404] - Could not create an integer from the string 0.5
[15:12:20,447  WARN StringTools:404] - Could not create an integer from the string not an integer
[15:12:20,447  WARN StringTools:404] - Could not create an integer from the string 5.0
[15:12:20,447  WARN StringTools:404] - Could not create an integer from the string not an integer
[15:12:20,447  WARN StringTools:404] - Could not create an integer from the string 0.5
[15:12:20,447  WARN StringTools:404] - Could not create an integer from the string not an integer
[15:14:30,296  WARN StringTools:404] - Could not create an integer from the string not-an-integer
[15:14:30,312  WARN StringTools:382] - Could not create a double from the string 'not a double'
[15:14:30,327  WARN StringTools:382] - Could not create a double from the string 'not a double'
[15:14:30,327  WARN StringTools:382] - Could not create a double from the string 'not a double'
[15:14:30,327  WARN StringTools:382] - Could not create a double from the string 'not a double'
[15:14:30,327  WARN StringTools:382] - Could not create a double from the string 'not a double'
[15:14:30,327  WARN StringTools:382] - Could not create a double from the string 'not a double'
[15:14:30,483  WARN StringTools:404] - Could not create an integer from the string 0.5
[15:14:30,483  WARN StringTools:404] - Could not create an integer from the string not an integer
[15:14:30,483  WARN StringTools:404] - Could not create an integer from the string 5.0
[15:14:30,483  WARN StringTools:404] - Could not create an integer from the string not an integer
[15:14:30,483  WARN StringTools:404] - Could not create an integer from the string 0.5
[15:14:30,483  WARN StringTools:404] - Could not create an integer from the string not an integer
[13:43:14,214  WARN StringTools:404] - Could not create an integer from the string not-an-integer
[13:43:14,245  WARN StringTools:382] - Could not create a double from the string 'not a double'
[13:43:14,261  WARN StringTools:382] - Could not create a double from the string 'not a double'
[13:43:14,261  WARN StringTools:382] - Could not create a double from the string 'not a double'
[13:43:14,261  WARN StringTools:382] - Could not create a double from the string 'not a double'
[13:43:14,261  WARN StringTools:382] - Could not create a double from the string 'not a double'
[13:43:14,261  WARN StringTools:382] - Could not create a double from the string 'not a double'
[13:43:14,651  WARN StringTools:404] - Could not create an integer from the string 0.5
[13:43:14,651  WARN StringTools:404] - Could not create an integer from the string not an integer
[13:43:14,651  WARN StringTools:404] - Could not create an integer from the string 5.0
[13:43:14,651  WARN StringTools:404] - Could not create an integer from the string not an integer
[13:43:14,651  WARN StringTools:404] - Could not create an integer from the string 0.5
[13:43:14,651  WARN StringTools:404] - Could not create an integer from the string not an integer
[13:48:32,492  WARN StringTools:404] - Could not create an integer from the string not-an-integer
[13:48:32,508  WARN StringTools:382] - Could not create a double from the string 'not a double'
[14:27:01,760  WARN StringTools:404] - Could not create an integer from the string not-an-integer
[14:27:01,775  WARN StringTools:382] - Could not create a double from the string 'not a double'
[14:27:01,775  WARN StringTools:382] - Could not create a double from the string 'not a double'
[14:27:01,775  WARN StringTools:382] - Could not create a double from the string 'not a double'
[14:27:01,775  WARN StringTools:382] - Could not create a double from the string 'not a double'
[14:27:01,775  WARN StringTools:382] - Could not create a double from the string 'not a double'
[14:27:01,775  WARN StringTools:382] - Could not create a double from the string 'not a double'
[14:27:02,321  WARN StringTools:404] - Could not create an integer from the string 0.5
[14:27:02,321  WARN StringTools:404] - Could not create an integer from the string not an integer
[14:27:02,321  WARN StringTools:404] - Could not create an integer from the string 5.0
[14:27:02,321  WARN StringTools:404] - Could not create an integer from the string not an integer
[14:27:02,321  WARN StringTools:404] - Could not create an integer from the string 0.5
[14:27:02,321  WARN StringTools:404] - Could not create an integer from the string not an integer
[14:33:57,645  WARN StringTools:404] - Could not create an integer from the string not-an-integer
[14:33:57,661  WARN StringTools:382] - Could not create a double from the string 'not a double'
[14:33:58,020  WARN StringTools:404] - Could not create an integer from the string 0.5
[14:33:58,020  WARN StringTools:404] - Could not create an integer from the string not an integer
[14:33:58,020  WARN StringTools:404] - Could not create an integer from the string 5.0
[14:33:58,020  WARN StringTools:404] - Could not create an integer from the string not an integer
[14:33:58,020  WARN StringTools:404] - Could not create an integer from the string 0.5
[14:33:58,020  WARN StringTools:404] - Could not create an integer from the string not an integer
[14:38:16,961  WARN StringTools:382] - Could not create a double from the string 'not a double'
[14:38:17,387  WARN StringTools:404] - Could not create an integer from the string 0.5
[14:38:17,387  WARN StringTools:404] - Could not create an integer from the string not an integer
[14:38:17,388  WARN StringTools:404] - Could not create an integer from the string 5.0
[14:38:17,388  WARN StringTools:404] - Could not create an integer from the string not an integer
[14:38:17,388  WARN StringTools:404] - Could not create an integer from the string 0.5
[14:38:17,389  WARN StringTools:404] - Could not create an integer from the string not an integer
[14:39:45,193  WARN StringTools:382] - Could not create a double from the string 'not a double'
[14:39:45,553  WARN StringTools:404] - Could not create an integer from the string 0.5
[14:39:45,554  WARN StringTools:404] - Could not create an integer from the string not an integer
[14:39:45,555  WARN StringTools:404] - Could not create an integer from the string 5.0
[14:39:45,555  WARN StringTools:404] - Could not create an integer from the string not an integer
[14:39:45,556  WARN StringTools:404] - Could not create an integer from the string 0.5
[14:39:45,556  WARN StringTools:404] - Could not create an integer from the string not an integer
[16:41:44,242  WARN SBMLCoreParser:218] - Could not recognize the attribute 'r2' on the element model. Please check the specification for SBML.
[16:41:44,289  WARN SBMLCoreParser:218] - Could not recognize the attribute 'sse' on the element model. Please check the specification for SBML.
[16:41:44,289  WARN SBMLCoreParser:218] - Could not recognize the attribute 'rms' on the element model. Please check the specification for SBML.
[16:41:44,289  WARN SBMLCoreParser:218] - Could not recognize the attribute 'dof' on the element model. Please check the specification for SBML.
[16:41:44,289  WARN SBMLCoreParser:218] - Could not recognize the attribute 'bic' on the element model. Please check the specification for SBML.
[16:48:11,073  WARN AbstractReaderWriter:97] - processAttribute: The attribute 'rms' on the element model is not part of the SBML specifications (Model).
[16:48:11,073  WARN AbstractReaderWriter:97] - processAttribute: The attribute 'sse' on the element model is not part of the SBML specifications (Model).
[16:48:11,073  WARN AbstractReaderWriter:97] - processAttribute: The attribute 'bic' on the element model is not part of the SBML specifications (Model).
[16:48:11,088  WARN AbstractReaderWriter:97] - processAttribute: The attribute 'dof' on the element model is not part of the SBML specifications (Model).
[16:48:11,088  WARN AbstractReaderWriter:97] - processAttribute: The attribute 'r2' on the element model is not part of the SBML specifications (Model).
[17:04:36,236  WARN AbstractReaderWriter:97] - processAttribute: The attribute 'rms' on the element model is not part of the SBML specifications (Model).
[17:04:36,236  WARN AbstractReaderWriter:97] - processAttribute: The attribute 'sse' on the element model is not part of the SBML specifications (Model).
[17:04:36,252  WARN AbstractReaderWriter:97] - processAttribute: The attribute 'bic' on the element model is not part of the SBML specifications (Model).
[17:04:36,252  WARN AbstractReaderWriter:97] - processAttribute: The attribute 'dof' on the element model is not part of the SBML specifications (Model).
[17:04:36,252  WARN AbstractReaderWriter:97] - processAttribute: The attribute 'r2' on the element model is not part of the SBML specifications (Model).
[17:12:47,049  WARN AbstractReaderWriter:97] - processAttribute: The attribute 'rms' on the element model is not part of the SBML specifications (Model).
[17:12:47,049  WARN AbstractReaderWriter:97] - processAttribute: The attribute 'sse' on the element model is not part of the SBML specifications (Model).
[17:12:47,049  WARN AbstractReaderWriter:97] - processAttribute: The attribute 'bic' on the element model is not part of the SBML specifications (Model).
[17:12:47,049  WARN AbstractReaderWriter:97] - processAttribute: The attribute 'dof' on the element model is not part of the SBML specifications (Model).
[17:12:47,049  WARN AbstractReaderWriter:97] - processAttribute: The attribute 'r2' on the element model is not part of the SBML specifications (Model).
[10:40:31,412  WARN StringTools:382] - Could not create a double from the string '0,998'
[10:40:31,452  WARN StringTools:382] - Could not create a double from the string '0,117'
[10:40:31,452  WARN StringTools:382] - Could not create a double from the string '-32,863'
[10:40:31,452  WARN StringTools:382] - Could not create a double from the string '0,027'
[10:43:32,227  WARN StringTools:382] - Could not create a double from the string '0,998'
[10:43:32,253  WARN StringTools:382] - Could not create a double from the string '0,117'
[10:43:32,254  WARN StringTools:382] - Could not create a double from the string '-32,863'
[10:43:32,254  WARN StringTools:382] - Could not create a double from the string '0,027'
